Seasoning is usually brings on to make that.
debug.
debugging.
easier.
One.
thing you.
you, we
haven't.
chatted.
about.
about, it's the
Perform.
Performance.
How
how?
does?
affect?
CSS?
engine?
syngs
CSS, affects perform?
affect, Syngs performance?
so,
So, that's
one.
of
main things.
because
can
cannot
cash.
with CS.
CSS.
You're lo
loading it.
you're and
will decrease.
perform.
performance.
yeah.
yeah, will.
And also
might
lot
c**.
cumulative.
layout shift.
your
OSC
shift,
gets now
app.
applied.
also, cumulative, now. Applied when
When
JavaScript
When, bundle
pass,
passed.
passed, critical.
again.
learning path. We
impact
impact, evaluate C.
first
again, WE
apply
ensures
fact.
there's
flash.
page,
but
page. But
now,
this
end,
come
cumulatively O.
they use.
allows.
thanks by.
move around.
around,
got
careful.
sometimes
split
Thanks
sometimes,
ship.
Ship
Whether dyn
dynamic
whether parts
then
still
plain.
old
most.
GRE.
greed element.
elements.
parts,
stable
other
is,
creating
new
components
example,
components, I
Allows components. For tele
Style
style Re
React
React, every time,
style,
heading,
React. Every
active,
element,
up
react. active. another
component.
big
Comp.
Component.
P,
create
huge.
p,
layer.
which
layer,
always.
here.
Very
here, deep
component,
dis
disadvantage
makes
harder
harder. And, course,
disadvantage,
bigger.
comp.
tree.
and, It's
yak to,
reactoring,
harder, time.
even,
acted.
effective
effective, want keep
small
possible,
we're gonna
on.
next
question.
You
Seasoning and
civilianlink '
And we,
You
we
talk
Jav.
JavaScript.
Fr.
framework.
Framework.
frameworks.
Spec.
specific.
specifically.
frameworks,
have.
Have
Specifically, you?
you
You
we you?
civilianlink '
worked?
with?
react,
reacting?
specifically,
production?
reacting
civilianlink So,
You
production?
far?
far?
You
production far?
civilianlink '
Yes.
Yes, I've
worked.
'
Yes, worked.
You
Yes,
yes,
last
pretty.
much.
since
2015.
201.
2015, won't
won't
You
yes, will
civilianlink '
be around.
You
be
Pretty came.
won't
You
Yes, here.
You
be here.
civilianlink '
Awesome.
Then.
Then.
You
Awesome.
awesome,
probably
fly
this.
questions.
these
First
first.
you
You
Awesome. you
civilianlink '
know,
what
is
You
know what?
pure
component.
civilianlink '
Opponent.
Yeah.
Pure.
is
You
know, react
civilianlink component.
You
Uh,
uh,
Well,
think
so.
used
had
class
wanted
avoid
those
Those
would
compare
incoming.
props.
existing.
prop.
they're same,
was
skip there.
Um,
there, um, don't need
today.
Hook.
hooks
hook.
'
civilianlink '
oscar chamat
oscar chamat
You
Seasoning think
You
Uh, hook.
6:29
PM
kig-zzfn-isq
kig-zzfn-isq
expand_less
Audio settings
mic
Turn off microphone (ctrl + d)
expand_less
Video settings
videocam
Turn off camera (ctrl + e)
closed_caption
Turn off captions (c shift+c)
mood
Send reaction
present_to_all
Present now
back_hand
back_hand
Raise hand (ctrl + alt + h)
more_vert
More options
call_end
Leave call
info
Meeting details
people
People
2
chat
Chat everyone
apps
Meeting tools
lock_person
Host controls
default.
'
frame_person
Reframe
visual_effects
Backgrounds effects
more_vert
More options
oscar default.
6:29
PM
kig-zzfn-isq
kig-zzfn-isq
expand_less
Audio
memo.
memorize. whenever
do,
Your off.
A
6:29
PM
kig-zzfn-isq
kig-zzfn-isq
expand_less
Audio settings
mic_off
Turn
a,
memorized.
whenever
6:29
PM
kig-zzfn-isq
kig-zzfn-isq
expand_less
Audio controls
close
Are talking? Click turn
whenever
civilianlink '
Comp.
Components.
kind comes
default,
back.
class.
'
Components. class.
6:29
PM
kig-zzfn-isq
kig-zzfn-isq
expand_less
Audio
Cool.
Bound.
Boundary.
know?
boundary
useful?
Why?
What have?
air?
arrow boundaries?
components?
in?
react?
any
sure.
basically
area
help.
limit.
hour.
data FET,
fetching area,
wrap
Area
air.
boundary.
level
local,
localize.
localize,
your.
your, doesn't
key
show
whole thing.
thing, Applic.
application.
open,
application, actually.
show.
place.
placeholder.
That something,
went wrong.
better.
pre.
predictable
UI
UI, No
LA
UI.
sailors.
servers. They
servers, totally
dest.
destroy
If
unman,
manage.
Now.
Still.
talking.
hooks.
talking,
hooks,
that?
it's,
It's, familiar?
use?
effect?
hook?
tell?
Tell
used?
used,
some?
advant?
advantages
disad?
disadvantages?
using
Ah,
trig
trigger
side.
call.
effect.
mean
mean,
state
variable,
changes,
maybe,
imagine
else.
Like,
like to.
else, make.
analytics.
system.
something.
change.
writ.
writing local.
storage.
example.
ideal.
case.
effect,
myself,
in,
9:16
PM
kig-zzfn-isq
kig-zzfn-isq
expand_less
Audio
in,
9:55
PM
kig-zzfn-isq
kig-zzfn-isq
expand_less
Audio off.
Pause notification
in,
11:02
PM
kig-zzfn-isq
kig-zzfn-isq
expand_less
Audio
left meeting
meeting
Your safe
No join unless invited admitted host
Learn
Returning home screen
60 seconds
seconds.
