
    Watch later
  

  
  Watch later



    Add to queue
  

  
  Add to queue



    Watch later
  

  
  Watch later



    Add to queue
  

  
  Add to queue



    Watch later
  

  
  Watch later



    Add to queue
  

  
  Add to queue


volunteer work that they love and art
and politics and and and all of
volunteer work that they love and art
volunteer work that they love and art
and politics and and and all of
and politics and and and all of
––––––––––––––––––––––––––––––––––––––––
English (auto-generated)
Click  for settings
English (auto-generated)
English (auto-generated)
Click  for settings
Click  for settings
volunteer work that they love and art
and politics and and and all of
volunteer work that they love and art
volunteer work that they love and art
and politics and and and all of
and politics and and and all of
––––––––––––––––––––––––––––––––––––––––
English (auto-generated)
Click  for settings
English (auto-generated)
English (auto-generated)
Click  for settings
Click  for settings
great
great
and politics and and and all of that
and politics and and and all of that
great stuff I
great stuff I
and politics and and and all of that
great stuff I also
and politics and and and all of that
and politics and and and all of that
great stuff I also
great stuff I also
––––––––––––––––––––––––––––––––––––––––
the
the
great stuff I also would add I worked in
great stuff I also would add I worked in
the hospice
the hospice
struck
struck
the hospice for six years and I was very
the hospice for six years and I was very
struck
struck
I
I
struck by some of the child was patients
struck by some of the child was patients
I worked with
I worked with
a
a
I worked with how a niece or a nephew or
I worked with how a niece or a nephew or
a next-door
a next-door
they
they
a next-door neighbor or someone that
a next-door neighbor or someone that
they had coached
they had coached
was
was
they had coached in soccer 20 years ago
they had coached in soccer 20 years ago
was
was

    Watch later
  

  
  Watch later



    Add to queue
  

  
  Add to queue



    Watch later
  

  
  Watch later



    Add to queue
  

  
  Add to queue



    Watch later
  

  
  Watch later



    Add to queue
  

  
  Add to queue


give
give

    Watch later
  

  
  Watch later



    Add to queue
  

  
  Add to queue



    Watch later
  

  
  Watch later



    Add to queue
  

  
  Add to queue



    Watch later
  

  
  Watch later



    Add to queue
  

  
  Add to queue


was a more involved loving pleasure to
was a more involved loving pleasure to
give and
give and
people's
people's
give and help this person caretaker than
give and help this person caretaker than
people's
people's
as
as
people's actual biological children yeah
people's actual biological children yeah
as a doctor
as a doctor
patients
patients
as a doctor I've seen that where
as a doctor I've seen that where
patients
patients
so
so
patients come in what's interesting is
patients come in what's interesting is
so I've
so I've
don't
don't
so I've seen patients come in where they
so I've seen patients come in where they
don't really have
don't really have
but
but
don't really have they don't have kids
don't really have they don't have kids
but there's
but there's
bringing
bringing
but there's somebody there who's
but there's somebody there who's
bringing them
bringing them
they're
they're
bringing them in and it seems like
bringing them in and it seems like
they're well
they're well
don't
don't
they're well taken care of but they
they're well taken care of but they
don't have kids
don't have kids
said
said
don't have kids and just I mean like I
don't have kids and just I mean like I
said a lot of this
said a lot of this
view
view
said a lot of this a lot of the way we
said a lot of this a lot of the way we
view these things is
view these things is
indoctrinated
indoctrinated
view these things is just how we've been
view these things is just how we've been
indoctrinated to
indoctrinated to
even
even
indoctrinated to view them and just so
indoctrinated to view them and just so
even
even
person
person
even though I logically know that this
even though I logically know that this
person
person
it
it
person looks happy they look fulfilled
person looks happy they look fulfilled
it looks like
it looks like
relationships
relationships
it looks like they have close
it looks like they have close
relationships
relationships
feel
feel
relationships a part of me still does
relationships a part of me still does
feel about
feel about
I
I
feel about
feel about
I wish
I wish
feel about
I wish they had a kid or I I
feel about
feel about
I wish they had a kid or I I
I wish they had a kid or I I
––––––––––––––––––––––––––––––––––––––––
they
they
I wish they had a kid or I I wonder if
I wish they had a kid or I I wonder if
they regret
they regret
reason
reason
they regret they don't have kids and the
they regret they don't have kids and the
reason I say
reason I say
to
to
reason I say that is because it's easy
reason I say that is because it's easy
to intellectualize
to intellectualize
talk
talk
to intellectualize all this stuff and
to intellectualize all this stuff and
talk about it
talk about it
but
but
talk about it
talk about it
but the
but the
those
those
but the reality is it is tough to get
but the reality is it is tough to get
those preconceptions
those preconceptions
mean
mean
those preconceptions out of your head I
those preconceptions out of your head I
mean in my
mean in my
somebody
somebody
mean in my mind still when I see
mean in my mind still when I see
somebody who's
somebody who's
kids
kids
somebody who's older who doesn't have
somebody who's older who doesn't have
kids I think that's
kids I think that's
that
that
kids I think that's there's a part of me
kids I think that's there's a part of me
that kind of
that kind of
which
which
that kind of feels feels bad for them
that kind of feels feels bad for them
which is
which is
not
not
which is I'm sure how many of them do
which is I'm sure how many of them do
not want to
not want to
that
that
not want to be viewed but I can't like
not want to be viewed but I can't like
that because
that because
been
been
that because my experience at least has
that because my experience at least has
been I was raised
been I was raised
expect
expect
been I was raised by loving parents so I
been I was raised by loving parents so I
expect
expect
just
just
expect I'll probably have kids and you
expect I'll probably have kids and you
just assume
just assume
warmth
warmth
just assume that there's a lack of
just assume that there's a lack of
warmth
warmth
but
but
warmth and a lack of love in their lives
warmth and a lack of love in their lives
but I
but I
what
what
but I mean that's that's I have no idea
but I mean that's that's I have no idea
what and
what and
assumption
assumption
what and it's so untrue there's also the
what and it's so untrue there's also the
assumption that if
assumption that if
have
have
assumption that if you decide not to
assumption that if you decide not to
have kids
have kids
unhappy
unhappy
have kids it's because you had an
have kids it's because you had an
unhappy childhood
unhappy childhood
people
people
unhappy childhood and there's so many
unhappy childhood and there's so many
people
people
they're
they're
people who have wonderful childhoods and
people who have wonderful childhoods and
they're afraid to
they're afraid to
that
that
they're afraid to tell their parents
they're afraid to tell their parents
that they've decided
that they've decided
and
and
that they've decided not to have kids
that they've decided not to have kids
and one of
and one of
recommend
recommend
and one of the interesting things that I
and one of the interesting things that I
recommend
recommend
say
say
recommend to say to them is well let's
recommend to say to them is well let's
say for instance
say for instance
have
have
say for instance if a woman is not gonna
say for instance if a woman is not gonna
have children
have children
in
in
have children because she's a superstar
have children because she's a superstar
in her
in her
have children because she's a superstar
in her career
have children because she's a superstar
have children because she's a superstar
in her career
in her career
––––––––––––––––––––––––––––––––––––––––
you
you
in her career she might say well dad do
in her career she might say well dad do
you remember when
you remember when
was
was
you remember when I was seven and when I
you remember when I was seven and when I
was 12
was 12
everybody
everybody
was 12 and you always said don't do what
was 12 and you always said don't do what
everybody else
everybody else
what
what
everybody else does follow your heart do
everybody else does follow your heart do
what you're best at
what you're best at
because
because
what you're best at it's some of it's
what you're best at it's some of it's
because of
because of
because
because
because of the good childhood and
because of the good childhood and
because some
because some
you
you
because some of the wonderful ways that
because some of the wonderful ways that
you two encouraged
you two encouraged
choosing
choosing
you two encouraged me that I now I'm
you two encouraged me that I now I'm
choosing to
choosing to
for
for
choosing to be child free so thank you
choosing to be child free so thank you
for a great childhood
for a great childhood
understand
understand
for a great childhood and please
for a great childhood and please
understand
understand
gift
gift
understand this is actually part of the
understand this is actually part of the
gift you
gift you
right
right
gift you gave me to be able to make the
gift you gave me to be able to make the
right life
right life
that's
that's
right life choice for me yeah I mean
right life choice for me yeah I mean
that's that's
that's that's
could
could

    Watch later
  

  
  Watch later



    Add to queue
  

  
  Add to queue


that's that's that's beautiful and I
that's that's that's beautiful and I
could
could
mean
mean
could also see the situation where I
mean
could also see the situation where I
could also see the situation where I
mean
mean
––––––––––––––––––––––––––––––––––––––––
could also see the situation where I
mean
could also see the situation where I
could also see the situation where I
mean
mean
––––––––––––––––––––––––––––––––––––––––
could also see the situation where Imean
could also see the situation where I
could also see the situation where I
mean
mean
––––––––––––––––––––––––––––––––––––––––
The Baby Decision
could also see the situation where I
mean
30:38 / 42:19
Scroll for details
could also see the situation where I
mean
could also see the situation where I
could also see the situation where I
mean
mean
––––––––––––––––––––––––––––––––––––––––
could also see the situation where I
mean I
could also see the situation where I
could also see the situation where I
mean I
mean I
––––––––––––––––––––––––––––––––––––––––
could also see the situation where I
mean I
30:38 / 42:19
could also see the situation where I
mean I
could also see the situation where I
could also see the situation where I
mean I
mean I
––––––––––––––––––––––––––––––––––––––––
could also see the situation where I
mean I
could also see the situation where I
could also see the situation where I
mean I
mean I
––––––––––––––––––––––––––––––––––––––––
could also see the situation where I
mean I
could also see the situation where I
could also see the situation where I
mean I
mean I
––––––––––––––––––––––––––––––––––––––––

    Watch later
  

  
  Watch later



    Add to queue
  

  
  Add to queue



    Watch later
  

  
  Watch later



    Add to queue
  

  
  Add to queue



    Watch later
  

  
  Watch later



    Add to queue
  

  
  Add to queue



    Watch later
  

  
  Watch later



    Add to queue
  

  
  Add to queue



    Watch later
  

  
  Watch later



    Add to queue
  

  
  Add to queue



    Watch later
  

  
  Watch later



    Add to queue
  

  
  Add to queue



    Watch later
  

  
  Watch later



    Add to queue
  

  
  Add to queue



    Watch later
  

  
  Watch later



    Add to queue
  

  
  Add to queue



    Watch later
  

  
  Watch later



    Add to queue
  

  
  Add to queue



    Watch later
  

  
  Watch later



    Add to queue
  

  
  Add to queue



    Watch later
  

  
  Watch later



    Add to queue
  

  
  Add to queue


